#
# A fatal error has been detected by the Java Runtime Environment:
#
#  EXCEPTION_ACCESS_VIOLATION (0xc0000005) at pc=0x00007ffa54e9d2ab, pid=39980, tid=35784
#
# JRE version: OpenJDK Runtime Environment (11.0.4+11) (build 11.0.4+11)
# Java VM: OpenJDK 64-Bit Server VM (11.0.4+11, mixed mode, tiered, compressed oops, g1 gc, windows-amd64)
# Problematic frame:
# V  [jvm.dll+0x4ad2ab]
#
# No core dump will be written. Minidumps are not enabled by default on client versions of Windows
#
# If you would like to submit a bug report, please visit:
#   https://github.com/AdoptOpenJDK/openjdk-build/issues
#

---------------  S U M M A R Y ------------

Command Line: -agentlib:jdwp=transport=dt_socket,suspend=y,address=localhost:49929 -javaagent:C:\Users\yoshitaka\Downloads\pleiades\eclipse\configuration\org.eclipse.osgi\412\0\.cp\lib\javaagent-shaded.jar -Dfile.encoding=UTF-8 test.Testtest

Host: Intel(R) Core(TM) i7-8700 CPU @ 3.20GHz, 12 cores, 15G,  Windows 10 , 64 bit Build 18362 (10.0.18362.329)
Time: Mon Mar 30 12:02:17 2020 ???? (?W?€??) elapsed time: 5051 seconds (0d 1h 24m 11s)

---------------  T H R E A D  ---------------

Current thread (0x0000023d29c2c000):  VMThread "VM Thread" [stack: 0x0000005e0bb00000,0x0000005e0bc00000] [id=35784]

Stack: [0x0000005e0bb00000,0x0000005e0bc00000],  sp=0x0000005e0bbff810,  free space=1022k
Native frames: (J=compiled Java code, j=interpreted, Vv=VM code, C=native code)
V  [jvm.dll+0x4ad2ab]
V  [jvm.dll+0x4acd1d]
V  [jvm.dll+0x713c4c]
V  [jvm.dll+0x711fd7]
V  [jvm.dll+0x712839]
V  [jvm.dll+0x712b87]
V  [jvm.dll+0x6cd85c]
V  [jvm.dll+0x5d6286]
C  [ucrtbase.dll+0x20e72]
C  [KERNEL32.DLL+0x17bd4]
C  [ntdll.dll+0x6ced1]


siginfo: EXCEPTION_ACCESS_VIOLATION (0xc0000005), reading address 0xffffffffb5b4006f


Register to memory mapping:

RIP=0x00007ffa54e9d2ab jvm.dll
RAX=0x0000000000000001 is an unknown value
RBX=0x0000023d2a03ed48 points into unknown readable memory: 20 1c c6 29 3d 02 00 00
RCX=0x0 is NULL
RDX=0x0000023d29b8ca58 is pointing into metadata
RSP=0x0000005e0bbff810 points into unknown readable memory: 78 dd b4 2a 3d 02 00 00
RBP=0x0000000000000008 is an unknown value
RSI=0x0000005e0c5ff050 is pointing into the stack for thread: 0x0000023d2a123000
RDI={method} {0x0000023d29b8c350} 
[error occurred during error reporting (printing register info), id 0xc0000005, EXCEPTION_ACCESS_VIOLATION (0xc0000005) at pc=0x00007ffa54f7f363]

Registers:
RAX=0x0000000000000001, RBX=0x0000023d2a03ed48, RCX=0x0000000000000000, RDX=0x0000023d29b8ca58
RSP=0x0000005e0bbff810, RBP=0x0000000000000008, RSI=0x0000005e0c5ff050, RDI=0x0000023d29b8c348
R8 =0x0000023d29b8c1a0, R9 =0xffffffffb5b4002f, R10=0x0000023d28dcd3b0, R11=0x0000023d28dcf840
R12=0x00007ffa551bd2f0, R13=0x00000008000cb3e8, R14=0x0000023d28e26378, R15=0x00000000000003d8
RIP=0x00007ffa54e9d2ab, EFLAGS=0x0000000000010202

Top of Stack: (sp=0x0000005e0bbff810)
0x0000005e0bbff810:   0000023d2ab4dd78 0000005e0c5ff0c0
0x0000005e0bbff820:   0000023d28e25fa0 0000005e0c5ff050
0x0000005e0bbff830:   0000023d28dcd3b0 0000023d28dcf840
0x0000005e0bbff840:   0000023d2a03ed48 0000023d2a128e70
0x0000005e0bbff850:   0000023d053a9d70 00000000000003d8
0x0000005e0bbff860:   0000023d28e26378 00007ffa551bd2f0
0x0000005e0bbff870:   0000023d2a128e70 0000005e0c5ff050
0x0000005e0bbff880:   0000023d28e25fa0 00007ffa55412b70
0x0000005e0bbff890:   0000005e0c5ff0c0 00007ffa54e9cd1d
0x0000005e0bbff8a0:   0000005e0c5ff0c0 0000005e0bbff8c0
0x0000005e0bbff8b0:   0000023d2a128e70 00000000000003d8
0x0000005e0bbff8c0:   00007ffa54f7f810 0000023d00000000
0x0000005e0bbff8d0:   0000023d28e25f90 00007ffa55103c4c
0x0000005e0bbff8e0:   0000023d2a040880 0000023d28d589e0
0x0000005e0bbff8f0:   0000023d28e26378 00007ffa55230390
0x0000005e0bbff900:   0000000000000000 00007ffa54f9a770 

Instructions: (pc=0x00007ffa54e9d2ab)
0x00007ffa54e9d1ab:   bb 11 00 48 89 47 08 48 8b c7 48 89 5f 10 48 8b
0x00007ffa54e9d1bb:   5c 24 30 48 89 77 18 48 8b 74 24 38 48 83 c4 20
0x00007ffa54e9d1cb:   5f c3 cc cc cc 48 89 54 24 10 48 89 4c 24 08 53
0x00007ffa54e9d1db:   41 55 48 83 ec 78 48 8b d9 48 8b c2 48 63 4a 08
0x00007ffa54e9d1eb:   48 03 4b 08 8b 53 10 ff 10 48 8b 43 08 4c 8b 40
0x00007ffa54e9d1fb:   08 4d 8b 48 08 41 0f b7 40 2a 4d 8b 54 c1 40 41
0x00007ffa54e9d20b:   0f b7 40 2c 4c 89 54 24 20 4d 8b 5c c1 40 49 8b
0x00007ffa54e9d21b:   41 18 4c 89 5c 24 28 4c 8b a8 78 01 00 00 4d 85
0x00007ffa54e9d22b:   ed 0f 84 c7 01 00 00 8b 0d d4 77 57 00 65 48 8b
0x00007ffa54e9d23b:   04 25 58 00 00 00 48 89 6c 24 70 48 89 74 24 68
0x00007ffa54e9d24b:   48 89 7c 24 60 4c 89 64 24 58 48 8d 1c c8 4c 89
0x00007ffa54e9d25b:   74 24 50 48 89 5c 24 30 bd 08 00 00 00 4c 89 7c
0x00007ffa54e9d26b:   24 48 0f 1f 00 49 8b 8d 98 01 00 00 8b 01 83 e8
0x00007ffa54e9d27b:   01 48 98 0f 88 47 01 00 00 4c 8d 40 01 4e 8d 04
0x00007ffa54e9d28b:   c1 0f 1f 40 00 49 8b 38 0f b6 4f 2a c0 e9 05 f6
0x00007ffa54e9d29b:   c1 01 74 24 48 8b 57 08 4c 8b 4a 08 0f b7 4a 2a
0x00007ffa54e9d2ab:   49 8b 74 c9 40 49 3b f2 75 0e 0f b7 4a 2c 49 8b
0x00007ffa54e9d2bb:   54 c9 40 49 3b d3 74 0f 49 83 e8 08 48 83 e8 01
0x00007ffa54e9d2cb:   79 c3 e9 f9 00 00 00 48 83 3d 9e 01 54 00 00 48
0x00007ffa54e9d2db:   8b 03 8b cd 48 8b 0c 01 48 8b a9 70 02 00 00 48
0x00007ffa54e9d2eb:   8b 5d 20 4c 8b 7d 28 4c 8b 75 10 4c 8b 65 18 48
0x00007ffa54e9d2fb:   89 9c 24 a0 00 00 00 4c 89 bc 24 a8 00 00 00 74
0x00007ffa54e9d30b:   6a 48 8b 8c 24 98 00 00 00 4c 8d 05 f5 24 0e 00
0x00007ffa54e9d31b:   48 8b 01 49 3b c0 75 14 48 85 c0 74 06 83 79 08
0x00007ffa54e9d32b:   00 75 09 4c 8d 3d 7b 2d 39 00 eb 07 4c 8d 3d 7a
0x00007ffa54e9d33b:   2d 39 00 48 8b ca e8 7a 1f 1f 00 48 8b ce 48 8b
0x00007ffa54e9d34b:   d8 e8 6f 1f 1f 00 4c 8b c0 48 8d 0d 65 2d 39 00
0x00007ffa54e9d35b:   4c 8b cb 49 8b d7 e8 ba ed ff ff 48 8b 9c 24 a0
0x00007ffa54e9d36b:   00 00 00 4c 8b bc 24 a8 00 00 00 48 8b b4 24 98
0x00007ffa54e9d37b:   00 00 00 48 8b 84 24 90 00 00 00 48 63 4e 08 8b
0x00007ffa54e9d38b:   50 10 48 03 cf ff 16 49 83 3e 00 74 13 49 8b d7
0x00007ffa54e9d39b:   48 8b cd e8 2d cc c0 ff 49 8b ce e8 05 cc c0 ff 


Stack slot to memory mapping:
stack at sp + 0 slots: {method} {0x0000023d2ab4dd80} 'main' '([Ljava/lang/String;)V' in 'test/Testtest'
stack at sp + 1 slots: 0x0000005e0c5ff0c0 is pointing into the stack for thread: 0x0000023d2a123000
stack at sp + 2 slots: 0x0000023d28e25fa0 points into unknown readable memory: 08 58 24 55 fa 7f 00 00
stack at sp + 3 slots: 0x0000005e0c5ff050 is pointing into the stack for thread: 0x0000023d2a123000
stack at sp + 4 slots: 0x0000023d28dcd3b0 points into unknown readable memory: 04 00 ff ff ab 6f 6d 61
stack at sp + 5 slots: 0x0000023d28dcf840 points into unknown readable memory: 16 00 ff ff 79 be 28 5b
stack at sp + 6 slots: 0x0000023d2a03ed48 points into unknown readable memory: 20 1c c6 29 3d 02 00 00
stack at sp + 7 slots: 0x0000023d2a128e70 points into unknown readable memory: 70 8e 12 2a 3d 02 00 00

VM_Operation (0x0000005e0c5ff050): ChangeBreakpoints, mode: safepoint, requested by thread 0x0000023d2a123000


---------------  P R O C E S S  ---------------

Threads class SMR info:
_java_thread_list=0x0000023d2a252610, length=13, elements={
0x0000023d053c0000, 0x0000023d29c3d800, 0x0000023d29c3e800, 0x0000023d29ccb800,
0x0000023d29ccd000, 0x0000023d29ccf000, 0x0000023d29cd8800, 0x0000023d29ce8800,
0x0000023d29e51000, 0x0000023d2a123000, 0x0000023d2a03a800, 0x0000023d2a03c000,
0x0000023d2a24d800
}

Java Threads: ( => current thread )
  0x0000023d053c0000 JavaThread "main" [_thread_in_native, id=42708, stack(0x0000005e0b500000,0x0000005e0b600000)]
  0x0000023d29c3d800 JavaThread "Reference Handler" daemon [_thread_blocked, id=24180, stack(0x0000005e0bc00000,0x0000005e0bd00000)]
  0x0000023d29c3e800 JavaThread "Finalizer" daemon [_thread_blocked, id=21064, stack(0x0000005e0bd00000,0x0000005e0be00000)]
  0x0000023d29ccb800 JavaThread "Signal Dispatcher" daemon [_thread_blocked, id=37020, stack(0x0000005e0be00000,0x0000005e0bf00000)]
  0x0000023d29ccd000 JavaThread "Attach Listener" daemon [_thread_blocked, id=11928, stack(0x0000005e0bf00000,0x0000005e0c000000)]
  0x0000023d29ccf000 JavaThread "C2 CompilerThread0" daemon [_thread_blocked, id=21488, stack(0x0000005e0c000000,0x0000005e0c100000)]
  0x0000023d29cd8800 JavaThread "C1 CompilerThread0" daemon [_thread_blocked, id=40700, stack(0x0000005e0c100000,0x0000005e0c200000)]
  0x0000023d29ce8800 JavaThread "Sweeper thread" daemon [_thread_blocked, id=39476, stack(0x0000005e0c200000,0x0000005e0c300000)]
  0x0000023d29e51000 JavaThread "Common-Cleaner" daemon [_thread_blocked, id=40008, stack(0x0000005e0c300000,0x0000005e0c400000)]
  0x0000023d2a123000 JavaThread "JDWP Transport Listener: dt_socket" daemon [_thread_blocked, id=39304, stack(0x0000005e0c500000,0x0000005e0c600000)]
  0x0000023d2a03a800 JavaThread "JDWP Event Helper Thread" daemon [_thread_blocked, id=38908, stack(0x0000005e0c600000,0x0000005e0c700000)]
  0x0000023d2a03c000 JavaThread "JDWP Command Reader" daemon [_thread_in_native, id=37260, stack(0x0000005e0c700000,0x0000005e0c800000)]
  0x0000023d2a24d800 JavaThread "Service Thread" daemon [_thread_blocked, id=31612, stack(0x0000005e0c400000,0x0000005e0c500000)]

Other Threads:
=>0x0000023d29c2c000 VMThread "VM Thread" [stack: 0x0000005e0bb00000,0x0000005e0bc00000] [id=35784]
  0x0000023d2a24f000 WatcherThread [stack: 0x0000005e0c800000,0x0000005e0c900000] [id=32496]
  0x0000023d053d7800 GCTaskThread "GC Thread#0" [stack: 0x0000005e0b600000,0x0000005e0b700000] [id=37680]
  0x0000023d05435800 ConcurrentGCThread "G1 Main Marker" [stack: 0x0000005e0b700000,0x0000005e0b800000] [id=38840]
  0x0000023d05437000 ConcurrentGCThread "G1 Conc#0" [stack: 0x0000005e0b800000,0x0000005e0b900000] [id=35508]
  0x0000023d28d56000 ConcurrentGCThread "G1 Refine#0" [stack: 0x0000005e0b900000,0x0000005e0ba00000] [id=36788]
  0x0000023d28d57000 ConcurrentGCThread "G1 Young RemSet Sampling" [stack: 0x0000005e0ba00000,0x0000005e0bb00000] [id=31536]

Threads with active compile tasks:

VM state:at safepoint (normal execution)

VM Mutex/Monitor currently owned by a thread:  ([mutex/lock_event])
[0x0000023d053bcc60] Threads_lock - owner thread: 0x0000023d29c2c000

Heap address: 0x0000000702000000, size: 4064 MB, Compressed Oops mode: Zero based, Oop shift amount: 3
Narrow klass base: 0x0000000800000000, Narrow klass shift: 0
Compressed class space size: 1073741824 Address: 0x0000000800000000

Heap:
 garbage-first heap   total 260096K, used 7168K [0x0000000702000000, 0x0000000800000000)
  region size 1024K, 8 young (8192K), 0 survivors (0K)
 Metaspace       used 9663K, capacity 9794K, committed 9856K, reserved 1058816K
  class space    used 847K, capacity 881K, committed 896K, reserved 1048576K
Heap Regions: E=young(eden), S=young(survivor), O=old, HS=humongous(starts), HC=humongous(continues), CS=collection set, F=free, A=archive, TAMS=top-at-mark-start (previous, next)
|   0|0x0000000702000000, 0x0000000702000000, 0x0000000702100000|  0%| F|  |TAMS 0x0000000702000000, 0x0000000702000000| Untracked 
|   1|0x0000000702100000, 0x0000000702100000, 0x0000000702200000|  0%| F|  |TAMS 0x0000000702100000, 0x0000000702100000| Untracked 
|   2|0x0000000702200000, 0x0000000702200000, 0x0000000702300000|  0%| F|  |TAMS 0x0000000702200000, 0x0000000702200000| Untracked 
|   3|0x0000000702300000, 0x0000000702300000, 0x0000000702400000|  0%| F|  |TAMS 0x0000000702300000, 0x0000000702300000| Untracked 
|   4|0x0000000702400000, 0x0000000702400000, 0x0000000702500000|  0%| F|  |TAMS 0x0000000702400000, 0x0000000702400000| Untracked 
|   5|0x0000000702500000, 0x0000000702500000, 0x0000000702600000|  0%| F|  |TAMS 0x0000000702500000, 0x0000000702500000| Untracked 
|   6|0x0000000702600000, 0x0000000702600000, 0x0000000702700000|  0%| F|  |TAMS 0x0000000702600000, 0x0000000702600000| Untracked 
|   7|0x0000000702700000, 0x0000000702700000, 0x0000000702800000|  0%| F|  |TAMS 0x0000000702700000, 0x0000000702700000| Untracked 
|   8|0x0000000702800000, 0x0000000702800000, 0x0000000702900000|  0%| F|  |TAMS 0x0000000702800000, 0x0000000702800000| Untracked 
|   9|0x0000000702900000, 0x0000000702900000, 0x0000000702a00000|  0%| F|  |TAMS 0x0000000702900000, 0x0000000702900000| Untracked 
|  10|0x0000000702a00000, 0x0000000702a00000, 0x0000000702b00000|  0%| F|  |TAMS 0x0000000702a00000, 0x0000000702a00000| Untracked 
|  11|0x0000000702b00000, 0x0000000702b00000, 0x0000000702c00000|  0%| F|  |TAMS 0x0000000702b00000, 0x0000000702b00000| Untracked 
|  12|0x0000000702c00000, 0x0000000702c00000, 0x0000000702d00000|  0%| F|  |TAMS 0x0000000702c00000, 0x0000000702c00000| Untracked 
|  13|0x0000000702d00000, 0x0000000702d00000, 0x0000000702e00000|  0%| F|  |TAMS 0x0000000702d00000, 0x0000000702d00000| Untracked 
|  14|0x0000000702e00000, 0x0000000702e00000, 0x0000000702f00000|  0%| F|  |TAMS 0x0000000702e00000, 0x0000000702e00000| Untracked 
|  15|0x0000000702f00000, 0x0000000702f00000, 0x0000000703000000|  0%| F|  |TAMS 0x0000000702f00000, 0x0000000702f00000| Untracked 
|  16|0x0000000703000000, 0x0000000703000000, 0x0000000703100000|  0%| F|  |TAMS 0x0000000703000000, 0x0000000703000000| Untracked 
|  17|0x0000000703100000, 0x0000000703100000, 0x0000000703200000|  0%| F|  |TAMS 0x0000000703100000, 0x0000000703100000| Untracked 
|  18|0x0000000703200000, 0x0000000703200000, 0x0000000703300000|  0%| F|  |TAMS 0x0000000703200000, 0x0000000703200000| Untracked 
|  19|0x0000000703300000, 0x0000000703300000, 0x0000000703400000|  0%| F|  |TAMS 0x0000000703300000, 0x0000000703300000| Untracked 
|  20|0x0000000703400000, 0x0000000703400000, 0x0000000703500000|  0%| F|  |TAMS 0x0000000703400000, 0x0000000703400000| Untracked 
|  21|0x0000000703500000, 0x0000000703500000, 0x0000000703600000|  0%| F|  |TAMS 0x0000000703500000, 0x0000000703500000| Untracked 
|  22|0x0000000703600000, 0x0000000703600000, 0x0000000703700000|  0%| F|  |TAMS 0x0000000703600000, 0x0000000703600000| Untracked 
|  23|0x0000000703700000, 0x0000000703700000, 0x0000000703800000|  0%| F|  |TAMS 0x0000000703700000, 0x0000000703700000| Untracked 
|  24|0x0000000703800000, 0x0000000703800000, 0x0000000703900000|  0%| F|  |TAMS 0x0000000703800000, 0x0000000703800000| Untracked 
|  25|0x0000000703900000, 0x0000000703900000, 0x0000000703a00000|  0%| F|  |TAMS 0x0000000703900000, 0x0000000703900000| Untracked 
|  26|0x0000000703a00000, 0x0000000703a00000, 0x0000000703b00000|  0%| F|  |TAMS 0x0000000703a00000, 0x0000000703a00000| Untracked 
|  27|0x0000000703b00000, 0x0000000703b00000, 0x0000000703c00000|  0%| F|  |TAMS 0x0000000703b00000, 0x0000000703b00000| Untracked 
|  28|0x0000000703c00000, 0x0000000703c00000, 0x0000000703d00000|  0%| F|  |TAMS 0x0000000703c00000, 0x0000000703c00000| Untracked 
|  29|0x0000000703d00000, 0x0000000703d00000, 0x0000000703e00000|  0%| F|  |TAMS 0x0000000703d00000, 0x0000000703d00000| Untracked 
|  30|0x0000000703e00000, 0x0000000703e00000, 0x0000000703f00000|  0%| F|  |TAMS 0x0000000703e00000, 0x0000000703e00000| Untracked 
|  31|0x0000000703f00000, 0x0000000703f00000, 0x0000000704000000|  0%| F|  |TAMS 0x0000000703f00000, 0x0000000703f00000| Untracked 
|  32|0x0000000704000000, 0x0000000704000000, 0x0000000704100000|  0%| F|  |TAMS 0x0000000704000000, 0x0000000704000000| Untracked 
|  33|0x0000000704100000, 0x0000000704100000, 0x0000000704200000|  0%| F|  |TAMS 0x0000000704100000, 0x0000000704100000| Untracked 
|  34|0x0000000704200000, 0x0000000704200000, 0x0000000704300000|  0%| F|  |TAMS 0x0000000704200000, 0x0000000704200000| Untracked 
|  35|0x0000000704300000, 0x0000000704300000, 0x0000000704400000|  0%| F|  |TAMS 0x0000000704300000, 0x0000000704300000| Untracked 
|  36|0x0000000704400000, 0x0000000704400000, 0x0000000704500000|  0%| F|  |TAMS 0x0000000704400000, 0x0000000704400000| Untracked 
|  37|0x0000000704500000, 0x0000000704500000, 0x0000000704600000|  0%| F|  |TAMS 0x0000000704500000, 0x0000000704500000| Untracked 
|  38|0x0000000704600000, 0x0000000704600000, 0x0000000704700000|  0%| F|  |TAMS 0x0000000704600000, 0x0000000704600000| Untracked 
|  39|0x0000000704700000, 0x0000000704700000, 0x0000000704800000|  0%| F|  |TAMS 0x0000000704700000, 0x0000000704700000| Untracked 
|  40|0x0000000704800000, 0x0000000704800000, 0x0000000704900000|  0%| F|  |TAMS 0x0000000704800000, 0x0000000704800000| Untracked 
|  41|0x0000000704900000, 0x0000000704900000, 0x0000000704a00000|  0%| F|  |TAMS 0x0000000704900000, 0x0000000704900000| Untracked 
|  42|0x0000000704a00000, 0x0000000704a00000, 0x0000000704b00000|  0%| F|  |TAMS 0x0000000704a00000, 0x0000000704a00000| Untracked 
|  43|0x0000000704b00000, 0x0000000704b00000, 0x0000000704c00000|  0%| F|  |TAMS 0x0000000704b00000, 0x0000000704b00000| Untracked 
|  44|0x0000000704c00000, 0x0000000704c00000, 0x0000000704d00000|  0%| F|  |TAMS 0x0000000704c00000, 0x0000000704c00000| Untracked 
|  45|0x0000000704d00000, 0x0000000704d00000, 0x0000000704e00000|  0%| F|  |TAMS 0x0000000704d00000, 0x0000000704d00000| Untracked 
|  46|0x0000000704e00000, 0x0000000704e00000, 0x0000000704f00000|  0%| F|  |TAMS 0x0000000704e00000, 0x0000000704e00000| Untracked 
|  47|0x0000000704f00000, 0x0000000704f00000, 0x0000000705000000|  0%| F|  |TAMS 0x0000000704f00000, 0x0000000704f00000| Untracked 
|  48|0x0000000705000000, 0x0000000705000000, 0x0000000705100000|  0%| F|  |TAMS 0x0000000705000000, 0x0000000705000000| Untracked 
|  49|0x0000000705100000, 0x0000000705100000, 0x0000000705200000|  0%| F|  |TAMS 0x0000000705100000, 0x0000000705100000| Untracked 
|  50|0x0000000705200000, 0x0000000705200000, 0x0000000705300000|  0%| F|  |TAMS 0x0000000705200000, 0x0000000705200000| Untracked 
|  51|0x0000000705300000, 0x0000000705300000, 0x0000000705400000|  0%| F|  |TAMS 0x0000000705300000, 0x0000000705300000| Untracked 
|  52|0x0000000705400000, 0x0000000705400000, 0x0000000705500000|  0%| F|  |TAMS 0x0000000705400000, 0x0000000705400000| Untracked 
|  53|0x0000000705500000, 0x0000000705500000, 0x0000000705600000|  0%| F|  |TAMS 0x0000000705500000, 0x0000000705500000| Untracked 
|  54|0x0000000705600000, 0x0000000705600000, 0x0000000705700000|  0%| F|  |TAMS 0x0000000705600000, 0x0000000705600000| Untracked 
|  55|0x0000000705700000, 0x0000000705700000, 0x0000000705800000|  0%| F|  |TAMS 0x0000000705700000, 0x0000000705700000| Untracked 
|  56|0x0000000705800000, 0x0000000705800000, 0x0000000705900000|  0%| F|  |TAMS 0x0000000705800000, 0x0000000705800000| Untracked 
|  57|0x0000000705900000, 0x0000000705900000, 0x0000000705a00000|  0%| F|  |TAMS 0x0000000705900000, 0x0000000705900000| Untracked 
|  58|0x0000000705a00000, 0x0000000705a00000, 0x0000000705b00000|  0%| F|  |TAMS 0x0000000705a00000, 0x0000000705a00000| Untracked 
|  59|0x0000000705b00000, 0x0000000705b00000, 0x0000000705c00000|  0%| F|  |TAMS 0x0000000705b00000, 0x0000000705b00000| Untracked 
|  60|0x0000000705c00000, 0x0000000705c00000, 0x0000000705d00000|  0%| F|  |TAMS 0x0000000705c00000, 0x0000000705c00000| Untracked 
|  61|0x0000000705d00000, 0x0000000705d00000, 0x0000000705e00000|  0%| F|  |TAMS 0x0000000705d00000, 0x0000000705d00000| Untracked 
|  62|0x0000000705e00000, 0x0000000705e00000, 0x0000000705f00000|  0%| F|  |TAMS 0x0000000705e00000, 0x0000000705e00000| Untracked 
|  63|0x0000000705f00000, 0x0000000705f00000, 0x0000000706000000|  0%| F|  |TAMS 0x0000000705f00000, 0x0000000705f00000| Untracked 
|  64|0x0000000706000000, 0x0000000706000000, 0x0000000706100000|  0%| F|  |TAMS 0x0000000706000000, 0x0000000706000000| Untracked 
|  65|0x0000000706100000, 0x0000000706100000, 0x0000000706200000|  0%| F|  |TAMS 0x0000000706100000, 0x0000000706100000| Untracked 
|  66|0x0000000706200000, 0x0000000706200000, 0x0000000706300000|  0%| F|  |TAMS 0x0000000706200000, 0x0000000706200000| Untracked 
|  67|0x0000000706300000, 0x0000000706300000, 0x0000000706400000|  0%| F|  |TAMS 0x0000000706300000, 0x0000000706300000| Untracked 
|  68|0x0000000706400000, 0x0000000706400000, 0x0000000706500000|  0%| F|  |TAMS 0x0000000706400000, 0x0000000706400000| Untracked 
|  69|0x0000000706500000, 0x0000000706500000, 0x0000000706600000|  0%| F|  |TAMS 0x0000000706500000, 0x0000000706500000| Untracked 
|  70|0x0000000706600000, 0x0000000706600000, 0x0000000706700000|  0%| F|  |TAMS 0x0000000706600000, 0x0000000706600000| Untracked 
|  71|0x0000000706700000, 0x0000000706700000, 0x0000000706800000|  0%| F|  |TAMS 0x0000000706700000, 0x0000000706700000| Untracked 
|  72|0x0000000706800000, 0x0000000706800000, 0x0000000706900000|  0%| F|  |TAMS 0x0000000706800000, 0x0000000706800000| Untracked 
|  73|0x0000000706900000, 0x0000000706900000, 0x0000000706a00000|  0%| F|  |TAMS 0x0000000706900000, 0x0000000706900000| Untracked 
|  74|0x0000000706a00000, 0x0000000706a00000, 0x0000000706b00000|  0%| F|  |TAMS 0x0000000706a00000, 0x0000000706a00000| Untracked 
|  75|0x0000000706b00000, 0x0000000706b00000, 0x0000000706c00000|  0%| F|  |TAMS 0x0000000706b00000, 0x0000000706b00000| Untracked 
|  76|0x0000000706c00000, 0x0000000706c00000, 0x0000000706d00000|  0%| F|  |TAMS 0x0000000706c00000, 0x0000000706c00000| Untracked 
|  77|0x0000000706d00000, 0x0000000706d00000, 0x0000000706e00000|  0%| F|  |TAMS 0x0000000706d00000, 0x0000000706d00000| Untracked 
|  78|0x0000000706e00000, 0x0000000706e00000, 0x0000000706f00000|  0%| F|  |TAMS 0x0000000706e00000, 0x0000000706e00000| Untracked 
|  79|0x0000000706f00000, 0x0000000706f00000, 0x0000000707000000|  0%| F|  |TAMS 0x0000000706f00000, 0x0000000706f00000| Untracked 
|  80|0x0000000707000000, 0x0000000707000000, 0x0000000707100000|  0%| F|  |TAMS 0x0000000707000000, 0x0000000707000000| Untracked 
|  81|0x0000000707100000, 0x0000000707100000, 0x0000000707200000|  0%| F|  |TAMS 0x0000000707100000, 0x0000000707100000| Untracked 
|  82|0x0000000707200000, 0x0000000707200000, 0x0000000707300000|  0%| F|  |TAMS 0x0000000707200000, 0x0000000707200000| Untracked 
|  83|0x0000000707300000, 0x0000000707300000, 0x0000000707400000|  0%| F|  |TAMS 0x0000000707300000, 0x0000000707300000| Untracked 
|  84|0x0000000707400000, 0x0000000707400000, 0x0000000707500000|  0%| F|  |TAMS 0x0000000707400000, 0x0000000707400000| Untracked 
|  85|0x0000000707500000, 0x0000000707500000, 0x0000000707600000|  0%| F|  |TAMS 0x0000000707500000, 0x0000000707500000| Untracked 
|  86|0x0000000707600000, 0x0000000707600000, 0x0000000707700000|  0%| F|  |TAMS 0x0000000707600000, 0x0000000707600000| Untracked 
|  87|0x0000000707700000, 0x0000000707700000, 0x0000000707800000|  0%| F|  |TAMS 0x0000000707700000, 0x0000000707700000| Untracked 
|  88|0x0000000707800000, 0x0000000707800000, 0x0000000707900000|  0%| F|  |TAMS 0x0000000707800000, 0x0000000707800000| Untracked 
|  89|0x0000000707900000, 0x0000000707900000, 0x0000000707a00000|  0%| F|  |TAMS 0x0000000707900000, 0x0000000707900000| Untracked 
|  90|0x0000000707a00000, 0x0000000707a00000, 0x0000000707b00000|  0%| F|  |TAMS 0x0000000707a00000, 0x0000000707a00000| Untracked 
|  91|0x0000000707b00000, 0x0000000707b00000, 0x0000000707c00000|  0%| F|  |TAMS 0x0000000707b00000, 0x0000000707b00000| Untracked 
|  92|0x0000000707c00000, 0x0000000707c00000, 0x0000000707d00000|  0%| F|  |TAMS 0x0000000707c00000, 0x0000000707c00000| Untracked 
|  93|0x0000000707d00000, 0x0000000707d00000, 0x0000000707e00000|  0%| F|  |TAMS 0x0000000707d00000, 0x0000000707d00000| Untracked 
|  94|0x0000000707e00000, 0x0000000707e00000, 0x0000000707f00000|  0%| F|  |TAMS 0x0000000707e00000, 0x0000000707e00000| Untracked 
|  95|0x0000000707f00000, 0x0000000707f00000, 0x0000000708000000|  0%| F|  |TAMS 0x0000000707f00000, 0x0000000707f00000| Untracked 
|  96|0x0000000708000000, 0x0000000708000000, 0x0000000708100000|  0%| F|  |TAMS 0x0000000708000000, 0x0000000708000000| Untracked 
|  97|0x0000000708100000, 0x0000000708100000, 0x0000000708200000|  0%| F|  |TAMS 0x0000000708100000, 0x0000000708100000| Untracked 
|  98|0x0000000708200000, 0x0000000708200000, 0x0000000708300000|  0%| F|  |TAMS 0x0000000708200000, 0x0000000708200000| Untracked 
|  99|0x0000000708300000, 0x0000000708300000, 0x0000000708400000|  0%| F|  |TAMS 0x0000000708300000, 0x0000000708300000| Untracked 
| 100|0x0000000708400000, 0x0000000708400000, 0x0000000708500000|  0%| F|  |TAMS 0x0000000708400000, 0x0000000708400000| Untracked 
| 101|0x0000000708500000, 0x0000000708500000, 0x0000000708600000|  0%| F|  |TAMS 0x0000000708500000, 0x0000000708500000| Untracked 
| 102|0x0000000708600000, 0x0000000708600000, 0x0000000708700000|  0%| F|  |TAMS 0x0000000708600000, 0x0000000708600000| Untracked 
| 103|0x0000000708700000, 0x0000000708700000, 0x0000000708800000|  0%| F|  |TAMS 0x0000000708700000, 0x0000000708700000| Untracked 
| 104|0x0000000708800000, 0x0000000708800000, 0x0000000708900000|  0%| F|  |TAMS 0x0000000708800000, 0x0000000708800000| Untracked 
| 105|0x0000000708900000, 0x0000000708900000, 0x0000000708a00000|  0%| F|  |TAMS 0x0000000708900000, 0x0000000708900000| Untracked 
| 106|0x0000000708a00000, 0x0000000708a00000, 0x0000000708b00000|  0%| F|  |TAMS 0x0000000708a00000, 0x0000000708a00000| Untracked 
| 107|0x0000000708b00000, 0x0000000708b00000, 0x0000000708c00000|  0%| F|  |TAMS 0x0000000708b00000, 0x0000000708b00000| Untracked 
| 108|0x0000000708c00000, 0x0000000708c00000, 0x0000000708d00000|  0%| F|  |TAMS 0x0000000708c00000, 0x0000000708c00000| Untracked 
| 109|0x0000000708d00000, 0x0000000708d00000, 0x0000000708e00000|  0%| F|  |TAMS 0x0000000708d00000, 0x0000000708d00000| Untracked 
| 110|0x0000000708e00000, 0x0000000708e00000, 0x0000000708f00000|  0%| F|  |TAMS 0x0000000708e00000, 0x0000000708e00000| Untracked 
| 111|0x0000000708f00000, 0x0000000708f00000, 0x0000000709000000|  0%| F|  |TAMS 0x0000000708f00000, 0x0000000708f00000| Untracked 
| 112|0x0000000709000000, 0x0000000709000000, 0x0000000709100000|  0%| F|  |TAMS 0x0000000709000000, 0x0000000709000000| Untracked 
| 113|0x0000000709100000, 0x0000000709100000, 0x0000000709200000|  0%| F|  |TAMS 0x0000000709100000, 0x0000000709100000| Untracked 
| 114|0x0000000709200000, 0x0000000709200000, 0x0000000709300000|  0%| F|  |TAMS 0x0000000709200000, 0x0000000709200000| Untracked 
| 115|0x0000000709300000, 0x0000000709300000, 0x0000000709400000|  0%| F|  |TAMS 0x0000000709300000, 0x0000000709300000| Untracked 
| 116|0x0000000709400000, 0x0000000709400000, 0x0000000709500000|  0%| F|  |TAMS 0x0000000709400000, 0x0000000709400000| Untracked 
| 117|0x0000000709500000, 0x0000000709500000, 0x0000000709600000|  0%| F|  |TAMS 0x0000000709500000, 0x0000000709500000| Untracked 
| 118|0x0000000709600000, 0x0000000709600000, 0x0000000709700000|  0%| F|  |TAMS 0x0000000709600000, 0x0000000709600000| Untracked 
| 119|0x0000000709700000, 0x0000000709700000, 0x0000000709800000|  0%| F|  |TAMS 0x0000000709700000, 0x0000000709700000| Untracked 
| 120|0x0000000709800000, 0x0000000709800000, 0x0000000709900000|  0%| F|  |TAMS 0x0000000709800000, 0x0000000709800000| Untracked 
| 121|0x0000000709900000, 0x0000000709900000, 0x0000000709a00000|  0%| F|  |TAMS 0x0000000709900000, 0x0000000709900000| Untracked 
| 122|0x0000000709a00000, 0x0000000709a00000, 0x0000000709b00000|  0%| F|  |TAMS 0x0000000709a00000, 0x0000000709a00000| Untracked 
| 123|0x0000000709b00000, 0x0000000709b00000, 0x0000000709c00000|  0%| F|  |TAMS 0x0000000709b00000, 0x0000000709b00000| Untracked 
| 124|0x0000000709c00000, 0x0000000709c00000, 0x0000000709d00000|  0%| F|  |TAMS 0x0000000709c00000, 0x0000000709c00000| Untracked 
| 125|0x0000000709d00000, 0x0000000709d00000, 0x0000000709e00000|  0%| F|  |TAMS 0x0000000709d00000, 0x0000000709d00000| Untracked 
| 126|0x0000000709e00000, 0x0000000709e00000, 0x0000000709f00000|  0%| F|  |TAMS 0x0000000709e00000, 0x0000000709e00000| Untracked 
| 127|0x0000000709f00000, 0x0000000709f00000, 0x000000070a000000|  0%| F|  |TAMS 0x0000000709f00000, 0x0000000709f00000| Untracked 
| 128|0x000000070a000000, 0x000000070a000000, 0x000000070a100000|  0%| F|  |TAMS 0x000000070a000000, 0x000000070a000000| Untracked 
| 129|0x000000070a100000, 0x000000070a100000, 0x000000070a200000|  0%| F|  |TAMS 0x000000070a100000, 0x000000070a100000| Untracked 
| 130|0x000000070a200000, 0x000000070a200000, 0x000000070a300000|  0%| F|  |TAMS 0x000000070a200000, 0x000000070a200000| Untracked 
| 131|0x000000070a300000, 0x000000070a300000, 0x000000070a400000|  0%| F|  |TAMS 0x000000070a300000, 0x000000070a300000| Untracked 
| 132|0x000000070a400000, 0x000000070a400000, 0x000000070a500000|  0%| F|  |TAMS 0x000000070a400000, 0x000000070a400000| Untracked 
| 133|0x000000070a500000, 0x000000070a500000, 0x000000070a600000|  0%| F|  |TAMS 0x000000070a500000, 0x000000070a500000| Untracked 
| 134|0x000000070a600000, 0x000000070a600000, 0x000000070a700000|  0%| F|  |TAMS 0x000000070a600000, 0x000000070a600000| Untracked 
| 135|0x000000070a700000, 0x000000070a700000, 0x000000070a800000|  0%| F|  |TAMS 0x000000070a700000, 0x000000070a700000| Untracked 
| 136|0x000000070a800000, 0x000000070a800000, 0x000000070a900000|  0%| F|  |TAMS 0x000000070a800000, 0x000000070a800000| Untracked 
| 137|0x000000070a900000, 0x000000070a900000, 0x000000070aa00000|  0%| F|  |TAMS 0x000000070a900000, 0x000000070a900000| Untracked 
| 138|0x000000070aa00000, 0x000000070aa00000, 0x000000070ab00000|  0%| F|  |TAMS 0x000000070aa00000, 0x000000070aa00000| Untracked 
| 139|0x000000070ab00000, 0x000000070ab00000, 0x000000070ac00000|  0%| F|  |TAMS 0x000000070ab00000, 0x000000070ab00000| Untracked 
| 140|0x000000070ac00000, 0x000000070ac00000, 0x000000070ad00000|  0%| F|  |TAMS 0x000000070ac00000, 0x000000070ac00000| Untracked 
| 141|0x000000070ad00000, 0x000000070ad00000, 0x000000070ae00000|  0%| F|  |TAMS 0x000000070ad00000, 0x000000070ad00000| Untracked 
| 142|0x000000070ae00000, 0x000000070ae00000, 0x000000070af00000|  0%| F|  |TAMS 0x000000070ae00000, 0x000000070ae00000| Untracked 
| 143|0x000000070af00000, 0x000000070af00000, 0x000000070b000000|  0%| F|  |TAMS 0x000000070af00000, 0x000000070af00000| Untracked 
| 144|0x000000070b000000, 0x000000070b000000, 0x000000070b100000|  0%| F|  |TAMS 0x000000070b000000, 0x000000070b000000| Untracked 
| 145|0x000000070b100000, 0x000000070b100000, 0x000000070b200000|  0%| F|  |TAMS 0x000000070b100000, 0x000000070b100000| Untracked 
| 146|0x000000070b200000, 0x000000070b200000, 0x000000070b300000|  0%| F|  |TAMS 0x000000070b200000, 0x000000070b200000| Untracked 
| 147|0x000000070b300000, 0x000000070b300000, 0x000000070b400000|  0%| F|  |TAMS 0x000000070b300000, 0x000000070b300000| Untracked 
| 148|0x000000070b400000, 0x000000070b400000, 0x000000070b500000|  0%| F|  |TAMS 0x000000070b400000, 0x000000070b400000| Untracked 
| 149|0x000000070b500000, 0x000000070b500000, 0x000000070b600000|  0%| F|  |TAMS 0x000000070b500000, 0x000000070b500000| Untracked 
| 150|0x000000070b600000, 0x000000070b600000, 0x000000070b700000|  0%| F|  |TAMS 0x000000070b600000, 0x000000070b600000| Untracked 
| 151|0x000000070b700000, 0x000000070b700000, 0x000000070b800000|  0%| F|  |TAMS 0x000000070b700000, 0x000000070b700000| Untracked 
| 152|0x000000070b800000, 0x000000070b800000, 0x000000070b900000|  0%| F|  |TAMS 0x000000070b800000, 0x000000070b800000| Untracked 
| 153|0x000000070b900000, 0x000000070b900000, 0x000000070ba00000|  0%| F|  |TAMS 0x000000070b900000, 0x000000070b900000| Untracked 
| 154|0x000000070ba00000, 0x000000070ba00000, 0x000000070bb00000|  0%| F|  |TAMS 0x000000070ba00000, 0x000000070ba00000| Untracked 
| 155|0x000000070bb00000, 0x000000070bb00000, 0x000000070bc00000|  0%| F|  |TAMS 0x000000070bb00000, 0x000000070bb00000| Untracked 
| 156|0x000000070bc00000, 0x000000070bc00000, 0x000000070bd00000|  0%| F|  |TAMS 0x000000070bc00000, 0x000000070bc00000| Untracked 
| 157|0x000000070bd00000, 0x000000070bd00000, 0x000000070be00000|  0%| F|  |TAMS 0x000000070bd00000, 0x000000070bd00000| Untracked 
| 158|0x000000070be00000, 0x000000070be00000, 0x000000070bf00000|  0%| F|  |TAMS 0x000000070be00000, 0x000000070be00000| Untracked 
| 159|0x000000070bf00000, 0x000000070bf00000, 0x000000070c000000|  0%| F|  |TAMS 0x000000070bf00000, 0x000000070bf00000| Untracked 
| 160|0x000000070c000000, 0x000000070c000000, 0x000000070c100000|  0%| F|  |TAMS 0x000000070c000000, 0x000000070c000000| Untracked 
| 161|0x000000070c100000, 0x000000070c100000, 0x000000070c200000|  0%| F|  |TAMS 0x000000070c100000, 0x000000070c100000| Untracked 
| 162|0x000000070c200000, 0x000000070c200000, 0x000000070c300000|  0%| F|  |TAMS 0x000000070c200000, 0x000000070c200000| Untracked 
| 163|0x000000070c300000, 0x000000070c300000, 0x000000070c400000|  0%| F|  |TAMS 0x000000070c300000, 0x000000070c300000| Untracked 
| 164|0x000000070c400000, 0x000000070c400000, 0x000000070c500000|  0%| F|  |TAMS 0x000000070c400000, 0x000000070c400000| Untracked 
| 165|0x000000070c500000, 0x000000070c500000, 0x000000070c600000|  0%| F|  |TAMS 0x000000070c500000, 0x000000070c500000| Untracked 
| 166|0x000000070c600000, 0x000000070c600000, 0x000000070c700000|  0%| F|  |TAMS 0x000000070c600000, 0x000000070c600000| Untracked 
| 167|0x000000070c700000, 0x000000070c700000, 0x000000070c800000|  0%| F|  |TAMS 0x000000070c700000, 0x000000070c700000| Untracked 
| 168|0x000000070c800000, 0x000000070c800000, 0x000000070c900000|  0%| F|  |TAMS 0x000000070c800000, 0x000000070c800000| Untracked 
| 169|0x000000070c900000, 0x000000070c900000, 0x000000070ca00000|  0%| F|  |TAMS 0x000000070c900000, 0x000000070c900000| Untracked 
| 170|0x000000070ca00000, 0x000000070ca00000, 0x000000070cb00000|  0%| F|  |TAMS 0x000000070ca00000, 0x000000070ca00000| Untracked 
| 171|0x000000070cb00000, 0x000000070cb00000, 0x000000070cc00000|  0%| F|  |TAMS 0x000000070cb00000, 0x000000070cb00000| Untracked 
| 172|0x000000070cc00000, 0x000000070cc00000, 0x000000070cd00000|  0%| F|  |TAMS 0x000000070cc00000, 0x000000070cc00000| Untracked 
| 173|0x000000070cd00000, 0x000000070cd00000, 0x000000070ce00000|  0%| F|  |TAMS 0x000000070cd00000, 0x000000070cd00000| Untracked 
| 174|0x000000070ce00000, 0x000000070ce00000, 0x000000070cf00000|  0%| F|  |TAMS 0x000000070ce00000, 0x000000070ce00000| Untracked 
| 175|0x000000070cf00000, 0x000000070cf00000, 0x000000070d000000|  0%| F|  |TAMS 0x000000070cf00000, 0x000000070cf00000| Untracked 
| 176|0x000000070d000000, 0x000000070d000000, 0x000000070d100000|  0%| F|  |TAMS 0x000000070d000000, 0x000000070d000000| Untracked 
| 177|0x000000070d100000, 0x000000070d100000, 0x000000070d200000|  0%| F|  |TAMS 0x000000070d100000, 0x000000070d100000| Untracked 
| 178|0x000000070d200000, 0x000000070d200000, 0x000000070d300000|  0%| F|  |TAMS 0x000000070d200000, 0x000000070d200000| Untracked 
| 179|0x000000070d300000, 0x000000070d300000, 0x000000070d400000|  0%| F|  |TAMS 0x000000070d300000, 0x000000070d300000| Untracked 
| 180|0x000000070d400000, 0x000000070d400000, 0x000000070d500000|  0%| F|  |TAMS 0x000000070d400000, 0x000000070d400000| Untracked 
| 181|0x000000070d500000, 0x000000070d500000, 0x000000070d600000|  0%| F|  |TAMS 0x000000070d500000, 0x000000070d500000| Untracked 
| 182|0x000000070d600000, 0x000000070d600000, 0x000000070d700000|  0%| F|  |TAMS 0x000000070d600000, 0x000000070d600000| Untracked 
| 183|0x000000070d700000, 0x000000070d700000, 0x000000070d800000|  0%| F|  |TAMS 0x000000070d700000, 0x000000070d700000| Untracked 
| 184|0x000000070d800000, 0x000000070d800000, 0x000000070d900000|  0%| F|  |TAMS 0x000000070d800000, 0x000000070d800000| Untracked 
| 185|0x000000070d900000, 0x000000070d900000, 0x000000070da00000|  0%| F|  |TAMS 0x000000070d900000, 0x000000070d900000| Untracked 
| 186|0x000000070da00000, 0x000000070da00000, 0x000000070db00000|  0%| F|  |TAMS 0x000000070da00000, 0x000000070da00000| Untracked 
| 187|0x000000070db00000, 0x000000070db00000, 0x000000070dc00000|  0%| F|  |TAMS 0x000000070db00000, 0x000000070db00000| Untracked 
| 188|0x000000070dc00000, 0x000000070dc00000, 0x000000070dd00000|  0%| F|  |TAMS 0x000000070dc00000, 0x000000070dc00000| Untracked 
| 189|0x000000070dd00000, 0x000000070dd00000, 0x000000070de00000|  0%| F|  |TAMS 0x000000070dd00000, 0x000000070dd00000| Untracked 
| 190|0x000000070de00000, 0x000000070de00000, 0x000000070df00000|  0%| F|  |TAMS 0x000000070de00000, 0x000000070de00000| Untracked 
| 191|0x000000070df00000, 0x000000070df00000, 0x000000070e000000|  0%| F|  |TAMS 0x000000070df00000, 0x000000070df00000| Untracked 
| 192|0x000000070e000000, 0x000000070e000000, 0x000000070e100000|  0%| F|  |TAMS 0x000000070e000000, 0x000000070e000000| Untracked 
| 193|0x000000070e100000, 0x000000070e100000, 0x000000070e200000|  0%| F|  |TAMS 0x000000070e100000, 0x000000070e100000| Untracked 
| 194|0x000000070e200000, 0x000000070e200000, 0x000000070e300000|  0%| F|  |TAMS 0x000000070e200000, 0x000000070e200000| Untracked 
| 195|0x000000070e300000, 0x000000070e300000, 0x000000070e400000|  0%| F|  |TAMS 0x000000070e300000, 0x000000070e300000| Untracked 
| 196|0x000000070e400000, 0x000000070e400000, 0x000000070e500000|  0%| F|  |TAMS 0x000000070e400000, 0x000000070e400000| Untracked 
| 197|0x000000070e500000, 0x000000070e500000, 0x000000070e600000|  0%| F|  |TAMS 0x000000070e500000, 0x000000070e500000| Untracked 
| 198|0x000000070e600000, 0x000000070e600000, 0x000000070e700000|  0%| F|  |TAMS 0x000000070e600000, 0x000000070e600000| Untracked 
| 199|0x000000070e700000, 0x000000070e700000, 0x000000070e800000|  0%| F|  |TAMS 0x000000070e700000, 0x000000070e700000| Untracked 
| 200|0x000000070e800000, 0x000000070e800000, 0x000000070e900000|  0%| F|  |TAMS 0x000000070e800000, 0x000000070e800000| Untracked 
| 201|0x000000070e900000, 0x000000070e900000, 0x000000070ea00000|  0%| F|  |TAMS 0x000000070e900000, 0x000000070e900000| Untracked 
| 202|0x000000070ea00000, 0x000000070ea00000, 0x000000070eb00000|  0%| F|  |TAMS 0x000000070ea00000, 0x000000070ea00000| Untracked 
| 203|0x000000070eb00000, 0x000000070eb00000, 0x000000070ec00000|  0%| F|  |TAMS 0x000000070eb00000, 0x000000070eb00000| Untracked 
| 204|0x000000070ec00000, 0x000000070ec00000, 0x000000070ed00000|  0%| F|  |TAMS 0x000000070ec00000, 0x000000070ec00000| Untracked 
| 205|0x000000070ed00000, 0x000000070ed00000, 0x000000070ee00000|  0%| F|  |TAMS 0x000000070ed00000, 0x000000070ed00000| Untracked 
| 206|0x000000070ee00000, 0x000000070ee00000, 0x000000070ef00000|  0%| F|  |TAMS 0x000000070ee00000, 0x000000070ee00000| Untracked 
| 207|0x000000070ef00000, 0x000000070ef00000, 0x000000070f000000|  0%| F|  |TAMS 0x000000070ef00000, 0x000000070ef00000| Untracked 
| 208|0x000000070f000000, 0x000000070f000000, 0x000000070f100000|  0%| F|  |TAMS 0x000000070f000000, 0x000000070f000000| Untracked 
| 209|0x000000070f100000, 0x000000070f100000, 0x000000070f200000|  0%| F|  |TAMS 0x000000070f100000, 0x000000070f100000| Untracked 
| 210|0x000000070f200000, 0x000000070f200000, 0x000000070f300000|  0%| F|  |TAMS 0x000000070f200000, 0x000000070f200000| Untracked 
| 211|0x000000070f300000, 0x000000070f300000, 0x000000070f400000|  0%| F|  |TAMS 0x000000070f300000, 0x000000070f300000| Untracked 
| 212|0x000000070f400000, 0x000000070f400000, 0x000000070f500000|  0%| F|  |TAMS 0x000000070f400000, 0x000000070f400000| Untracked 
| 213|0x000000070f500000, 0x000000070f500000, 0x000000070f600000|  0%| F|  |TAMS 0x000000070f500000, 0x000000070f500000| Untracked 
| 214|0x000000070f600000, 0x000000070f600000, 0x000000070f700000|  0%| F|  |TAMS 0x000000070f600000, 0x000000070f600000| Untracked 
| 215|0x000000070f700000, 0x000000070f700000, 0x000000070f800000|  0%| F|  |TAMS 0x000000070f700000, 0x000000070f700000| Untracked 
| 216|0x000000070f800000, 0x000000070f800000, 0x000000070f900000|  0%| F|  |TAMS 0x000000070f800000, 0x000000070f800000| Untracked 
| 217|0x000000070f900000, 0x000000070f900000, 0x000000070fa00000|  0%| F|  |TAMS 0x000000070f900000, 0x000000070f900000| Untracked 
| 218|0x000000070fa00000, 0x000000070fa00000, 0x000000070fb00000|  0%| F|  |TAMS 0x000000070fa00000, 0x000000070fa00000| Untracked 
| 219|0x000000070fb00000, 0x000000070fb00000, 0x000000070fc00000|  0%| F|  |TAMS 0x000000070fb00000, 0x000000070fb00000| Untracked 
| 220|0x000000070fc00000, 0x000000070fc00000, 0x000000070fd00000|  0%| F|  |TAMS 0x000000070fc00000, 0x000000070fc00000| Untracked 
| 221|0x000000070fd00000, 0x000000070fd00000, 0x000000070fe00000|  0%| F|  |TAMS 0x000000070fd00000, 0x000000070fd00000| Untracked 
| 222|0x000000070fe00000, 0x000000070fe00000, 0x000000070ff00000|  0%| F|  |TAMS 0x000000070fe00000, 0x000000070fe00000| Untracked 
| 223|0x000000070ff00000, 0x000000070ff00000, 0x0000000710000000|  0%| F|  |TAMS 0x000000070ff00000, 0x000000070ff00000| Untracked 
| 224|0x0000000710000000, 0x0000000710000000, 0x0000000710100000|  0%| F|  |TAMS 0x0000000710000000, 0x0000000710000000| Untracked 
| 225|0x0000000710100000, 0x0000000710100000, 0x0000000710200000|  0%| F|  |TAMS 0x0000000710100000, 0x0000000710100000| Untracked 
| 226|0x0000000710200000, 0x0000000710200000, 0x0000000710300000|  0%| F|  |TAMS 0x0000000710200000, 0x0000000710200000| Untracked 
| 227|0x0000000710300000, 0x0000000710300000, 0x0000000710400000|  0%| F|  |TAMS 0x0000000710300000, 0x0000000710300000| Untracked 
| 228|0x0000000710400000, 0x0000000710400000, 0x0000000710500000|  0%| F|  |TAMS 0x0000000710400000, 0x0000000710400000| Untracked 
| 229|0x0000000710500000, 0x0000000710500000, 0x0000000710600000|  0%| F|  |TAMS 0x0000000710500000, 0x0000000710500000| Untracked 
| 230|0x0000000710600000, 0x0000000710600000, 0x0000000710700000|  0%| F|  |TAMS 0x0000000710600000, 0x0000000710600000| Untracked 
| 231|0x0000000710700000, 0x0000000710700000, 0x0000000710800000|  0%| F|  |TAMS 0x0000000710700000, 0x0000000710700000| Untracked 
| 232|0x0000000710800000, 0x0000000710800000, 0x0000000710900000|  0%| F|  |TAMS 0x0000000710800000, 0x0000000710800000| Untracked 
| 233|0x0000000710900000, 0x0000000710900000, 0x0000000710a00000|  0%| F|  |TAMS 0x0000000710900000, 0x0000000710900000| Untracked 
| 234|0x0000000710a00000, 0x0000000710a00000, 0x0000000710b00000|  0%| F|  |TAMS 0x0000000710a00000, 0x0000000710a00000| Untracked 
| 235|0x0000000710b00000, 0x0000000710b00000, 0x0000000710c00000|  0%| F|  |TAMS 0x0000000710b00000, 0x0000000710b00000| Untracked 
| 236|0x0000000710c00000, 0x0000000710c00000, 0x0000000710d00000|  0%| F|  |TAMS 0x0000000710c00000, 0x0000000710c00000| Untracked 
| 237|0x0000000710d00000, 0x0000000710d00000, 0x0000000710e00000|  0%| F|  |TAMS 0x0000000710d00000, 0x0000000710d00000| Untracked 
| 238|0x0000000710e00000, 0x0000000710e00000, 0x0000000710f00000|  0%| F|  |TAMS 0x0000000710e00000, 0x0000000710e00000| Untracked 
| 239|0x0000000710f00000, 0x0000000710f00000, 0x0000000711000000|  0%| F|  |TAMS 0x0000000710f00000, 0x0000000710f00000| Untracked 
| 240|0x0000000711000000, 0x0000000711000000, 0x0000000711100000|  0%| F|  |TAMS 0x0000000711000000, 0x0000000711000000| Untracked 
| 241|0x0000000711100000, 0x0000000711100000, 0x0000000711200000|  0%| F|  |TAMS 0x0000000711100000, 0x0000000711100000| Untracked 
| 242|0x0000000711200000, 0x0000000711200000, 0x0000000711300000|  0%| F|  |TAMS 0x0000000711200000, 0x0000000711200000| Untracked 
| 243|0x0000000711300000, 0x0000000711300000, 0x0000000711400000|  0%| F|  |TAMS 0x0000000711300000, 0x0000000711300000| Untracked 
| 244|0x0000000711400000, 0x0000000711400000, 0x0000000711500000|  0%| F|  |TAMS 0x0000000711400000, 0x0000000711400000| Untracked 
| 245|0x0000000711500000, 0x0000000711500000, 0x0000000711600000|  0%| F|  |TAMS 0x0000000711500000, 0x0000000711500000| Untracked 
| 246|0x0000000711600000, 0x00000007116f6450, 0x0000000711700000| 96%| E|  |TAMS 0x0000000711600000, 0x0000000711600000| Complete 
| 247|0x0000000711700000, 0x0000000711800000, 0x0000000711800000|100%| E|CS|TAMS 0x0000000711700000, 0x0000000711700000| Complete 
| 248|0x0000000711800000, 0x0000000711900000, 0x0000000711900000|100%| E|CS|TAMS 0x0000000711800000, 0x0000000711800000| Complete 
| 249|0x0000000711900000, 0x0000000711a00000, 0x0000000711a00000|100%| E|CS|TAMS 0x0000000711900000, 0x0000000711900000| Complete 
| 250|0x0000000711a00000, 0x0000000711b00000, 0x0000000711b00000|100%| E|CS|TAMS 0x0000000711a00000, 0x0000000711a00000| Complete 
| 251|0x0000000711b00000, 0x0000000711c00000, 0x0000000711c00000|100%| E|CS|TAMS 0x0000000711b00000, 0x0000000711b00000| Complete 
| 252|0x0000000711c00000, 0x0000000711d00000, 0x0000000711d00000|100%| E|CS|TAMS 0x0000000711c00000, 0x0000000711c00000| Complete 
| 253|0x0000000711d00000, 0x0000000711e00000, 0x0000000711e00000|100%| E|CS|TAMS 0x0000000711d00000, 0x0000000711d00000| Complete 

Card table byte_map: [0x0000023d1d710000,0x0000023d1df00000] _byte_map_base: 0x0000023d19f00000

Marking Bits (Prev, Next): (CMBitMap*) 0x0000023d05424f58, (CMBitMap*) 0x0000023d05424f90
 Prev Bits: [0x0000023d1e6f0000, 0x0000023d22670000)
 Next Bits: [0x0000023d22670000, 0x0000023d265f0000)

Polling page: 0x0000023d04af0000

Metaspace:

Usage:
  Non-class:      8.70 MB capacity,     8.61 MB ( 99%) used,    89.09 KB ( <1%) free+waste,     8.63 KB ( <1%) overhead. 
      Class:    881.00 KB capacity,   847.97 KB ( 96%) used,    29.59 KB (  3%) free+waste,     3.44 KB ( <1%) overhead. 
       Both:      9.56 MB capacity,     9.44 MB ( 99%) used,   118.68 KB (  1%) free+waste,    12.06 KB ( <1%) overhead. 

Virtual space:
  Non-class space:       10.00 MB reserved,       8.75 MB ( 88%) committed 
      Class space:        1.00 GB reserved,     896.00 KB ( <1%) committed 
             Both:        1.01 GB reserved,       9.63 MB ( <1%) committed 

Chunk freelists:
   Non-Class:  47.00 KB
       Class:  15.00 KB
        Both:  62.00 KB

CodeHeap 'non-profiled nmethods': size=120000Kb used=163Kb max_used=163Kb free=119836Kb
 bounds [0x0000023d154a0000, 0x0000023d15710000, 0x0000023d1c9d0000]
CodeHeap 'profiled nmethods': size=120000Kb used=793Kb max_used=793Kb free=119206Kb
 bounds [0x0000023d0df70000, 0x0000023d0e1e0000, 0x0000023d154a0000]
CodeHeap 'non-nmethods': size=5760Kb used=1160Kb max_used=1167Kb free=4599Kb
 bounds [0x0000023d0d9d0000, 0x0000023d0dc40000, 0x0000023d0df70000]
 total_blobs=1041 nmethods=534 adapters=290
 compilation: enabled
              stopped_count=0, restarted_count=0
 full_count=0

Compilation events (10 events):
Event: 2560.883 Thread 0x0000023d29cd8800  529       3       org.eclipse.jdt.launching.internal.org.objectweb.asm.ClassReader::readStringish (16 bytes)
Event: 2560.884 Thread 0x0000023d29cd8800 nmethod 529 0x0000023d0e033410 code [0x0000023d0e033600, 0x0000023d0e033a70]
Event: 3154.359 Thread 0x0000023d29cd8800  531       3       org.eclipse.jdt.launching.internal.org.objectweb.asm.SymbolTable::addConstantClass (8 bytes)
Event: 3154.359 Thread 0x0000023d29cd8800 nmethod 531 0x0000023d0e033c90 code [0x0000023d0e033e40, 0x0000023d0e033ff0]
Event: 3204.568 Thread 0x0000023d29cd8800  532       3       org.eclipse.jdt.launching.internal.org.objectweb.asm.MethodWriter::visitVarInsn (302 bytes)
Event: 3204.571 Thread 0x0000023d29cd8800 nmethod 532 0x0000023d0e034090 code [0x0000023d0e034300, 0x0000023d0e034d90]
Event: 3308.944 Thread 0x0000023d29cd8800  533       3       org.eclipse.jdt.launching.internal.org.objectweb.asm.ClassReader::createDebugLabel (23 bytes)
Event: 3308.947 Thread 0x0000023d29cd8800 nmethod 533 0x0000023d0e035090 code [0x0000023d0e035280, 0x0000023d0e035818]
Event: 5050.983 Thread 0x0000023d29cd8800  534       3       org.eclipse.jdt.launching.internal.org.objectweb.asm.Label::resolve (219 bytes)
Event: 5050.984 Thread 0x0000023d29cd8800 nmethod 534 0x0000023d0e035a10 code [0x0000023d0e035c00, 0x0000023d0e0361d8]

GC Heap History (0 events):
No events

Deoptimization events (10 events):
Event: 0.353 Thread 0x0000023d053c0000 DEOPT PACKING pc=0x0000023d0dfeb08d sp=0x0000005e0b5fb670
Event: 0.353 Thread 0x0000023d053c0000 DEOPT UNPACKING pc=0x0000023d0da0d6ce sp=0x0000005e0b5fab38 mode 0
Event: 0.363 Thread 0x0000023d053c0000 DEOPT PACKING pc=0x0000023d0e00670c sp=0x0000005e0b5fb5d0
Event: 0.363 Thread 0x0000023d053c0000 DEOPT UNPACKING pc=0x0000023d0da0d6ce sp=0x0000005e0b5faa38 mode 0
Event: 0.378 Thread 0x0000023d053c0000 DEOPT PACKING pc=0x0000023d0e00a602 sp=0x0000005e0b5f92c0
Event: 0.378 Thread 0x0000023d053c0000 DEOPT UNPACKING pc=0x0000023d0da0d6ce sp=0x0000005e0b5f8748 mode 0
Event: 0.389 Thread 0x0000023d053c0000 Uncommon trap: trap_request=0xffffff4d fr.pc=0x0000023d154a8d48 relative=0x0000000000000228
Event: 0.389 Thread 0x0000023d053c0000 Uncommon trap: reason=unstable_if action=reinterpret pc=0x0000023d154a8d48 method=java.lang.String.isLatin1()Z @ 10 c2
Event: 0.389 Thread 0x0000023d053c0000 DEOPT PACKING pc=0x0000023d154a8d48 sp=0x0000005e0b5f9000
Event: 0.389 Thread 0x0000023d053c0000 DEOPT UNPACKING pc=0x0000023d0da0d8af sp=0x0000005e0b5f8f40 mode 2

Classes redefined (10 events):
Event: 113.367 Thread 0x0000023d29c2c000 redefined class name=test.Testtest, count=1
Event: 228.818 Thread 0x0000023d29c2c000 redefined class name=test.Testtest, count=2
Event: 2526.593 Thread 0x0000023d29c2c000 redefined class name=test.Testtest, count=3
Event: 2560.882 Thread 0x0000023d29c2c000 redefined class name=test.Testtest, count=4
Event: 2643.278 Thread 0x0000023d29c2c000 redefined class name=test.Testtest, count=5
Event: 3154.361 Thread 0x0000023d29c2c000 redefined class name=test.Testtest, count=6
Event: 3204.570 Thread 0x0000023d29c2c000 redefined class name=test.Testtest, count=7
Event: 3308.946 Thread 0x0000023d29c2c000 redefined class name=test.Testtest, count=8
Event: 3365.913 Thread 0x0000023d29c2c000 redefined class name=test.Testtest, count=9
Event: 5050.986 Thread 0x0000023d29c2c000 redefined class name=test.Testtest, count=10

Internal exceptions (1 events):
Event: 0.370 Thread 0x0000023d053c0000 Exception <a 'java/lang/NoSuchMethodError'{0x00000007117dc650}: 'int java.lang.invoke.DirectMethodHandle$Holder.invokeSpecialIFC(java.lang.Object, java.lang.Object, int)'> (0x00000007117dc650) thrown at [c:/cygwin64/tmp/openjdk-jdk11u-windows-x64-hotspot/

Events (10 events):
Event: 3365.917 Executing VM operation: ChangeBreakpoints done
Event: 3365.920 Executing VM operation: ChangeBreakpoints
Event: 3365.920 Executing VM operation: ChangeBreakpoints done
Event: 3365.923 Executing VM operation: ChangeBreakpoints
Event: 3365.923 Executing VM operation: ChangeBreakpoints done
Event: 5050.984 Executing VM operation: RedefineClasses
Event: 5050.987 Executing VM operation: RedefineClasses done
Event: 5050.991 Executing VM operation: ChangeBreakpoints
Event: 5050.991 Executing VM operation: ChangeBreakpoints done
Event: 5050.995 Executing VM operation: ChangeBreakpoints


Dynamic libraries:
0x00007ff71d0a0000 - 0x00007ff71d0ea000 	C:\Users\yoshitaka\Downloads\pleiades\java\11\bin\javaw.exe
0x00007ffac0660000 - 0x00007ffac0850000 	C:\WINDOWS\SYSTEM32\ntdll.dll
0x00007ffabee40000 - 0x00007ffabeef2000 	C:\WINDOWS\System32\KERNEL32.DLL
0x00007ffabd5f0000 - 0x00007ffabd893000 	C:\WINDOWS\System32\KERNELBASE.dll
0x00007ffabf930000 - 0x00007ffabfac4000 	C:\WINDOWS\System32\USER32.dll
0x00007ffabe6e0000 - 0x00007ffabe701000 	C:\WINDOWS\System32\win32u.dll
0x00007ffabed40000 - 0x00007ffabed66000 	C:\WINDOWS\System32\GDI32.dll
0x00007ffabe1e0000 - 0x00007ffabe374000 	C:\WINDOWS\System32\gdi32full.dll
0x00007ffabd910000 - 0x00007ffabd9ae000 	C:\WINDOWS\System32\msvcp_win.dll
0x00007ffabe430000 - 0x00007ffabe52a000 	C:\WINDOWS\System32\ucrtbase.dll
0x00007ffaae180000 - 0x00007ffaae405000 	C:\WINDOWS\WinSxS\amd64_microsoft.windows.common-controls_6595b64144ccf1df_6.0.18362.720_none_e6beb5c51314836b\COMCTL32.dll
0x00007ffabe720000 - 0x00007ffabe7be000 	C:\WINDOWS\System32\msvcrt.dll
0x00007ffabef00000 - 0x00007ffabf236000 	C:\WINDOWS\System32\combase.dll
0x00007ffabfb80000 - 0x00007ffabfca0000 	C:\WINDOWS\System32\RPCRT4.dll
0x00007ffabd9b0000 - 0x00007ffabda30000 	C:\WINDOWS\System32\bcryptPrimitives.dll
0x00007ffac02e0000 - 0x00007ffac030e000 	C:\WINDOWS\System32\IMM32.DLL
0x00007ffaae5b0000 - 0x00007ffaae5c6000 	C:\Users\yoshitaka\Downloads\pleiades\java\11\bin\vcruntime140.dll
0x00007ffa65580000 - 0x00007ffa6561b000 	C:\Users\yoshitaka\Downloads\pleiades\java\11\bin\msvcp140.dll
0x00007ffa549f0000 - 0x00007ffa554a6000 	C:\Users\yoshitaka\Downloads\pleiades\java\11\bin\server\jvm.dll
0x00007ffabec90000 - 0x00007ffabed33000 	C:\WINDOWS\System32\ADVAPI32.dll
0x00007ffac0020000 - 0x00007ffac00b7000 	C:\WINDOWS\System32\sechost.dll
0x00007ffac04e0000 - 0x00007ffac04e8000 	C:\WINDOWS\System32\PSAPI.DLL
0x00007ffab8cb0000 - 0x00007ffab8cba000 	C:\WINDOWS\SYSTEM32\VERSION.dll
0x00007ffab0260000 - 0x00007ffab0269000 	C:\WINDOWS\SYSTEM32\WSOCK32.dll
0x00007ffabb150000 - 0x00007ffabb174000 	C:\WINDOWS\SYSTEM32\WINMM.dll
0x00007ffabfca0000 - 0x00007ffabfd0f000 	C:\WINDOWS\System32\WS2_32.dll
0x00007ffabacd0000 - 0x00007ffabacfd000 	C:\WINDOWS\SYSTEM32\WINMMBASE.dll
0x00007ffabd8a0000 - 0x00007ffabd8ea000 	C:\WINDOWS\System32\cfgmgr32.dll
0x00007ffabd530000 - 0x00007ffabd541000 	C:\WINDOWS\System32\kernel.appcore.dll
0x00007ffab1120000 - 0x00007ffab1130000 	C:\Users\yoshitaka\Downloads\pleiades\java\11\bin\verify.dll
0x00007ffabbf20000 - 0x00007ffabc114000 	C:\WINDOWS\SYSTEM32\DBGHELP.DLL
0x00007ffaad860000 - 0x00007ffaad88a000 	C:\WINDOWS\SYSTEM32\dbgcore.DLL
0x00007ffa97150000 - 0x00007ffa97178000 	C:\Users\yoshitaka\Downloads\pleiades\java\11\bin\java.dll
0x00007ffa969b0000 - 0x00007ffa969e8000 	C:\Users\yoshitaka\Downloads\pleiades\java\11\bin\jdwp.dll
0x00007ffa96970000 - 0x00007ffa969a3000 	C:\Users\yoshitaka\Downloads\pleiades\java\11\bin\instrument.dll
0x00007ffa6d490000 - 0x00007ffa6d4a6000 	C:\Users\yoshitaka\Downloads\pleiades\java\11\bin\zip.dll
0x00007ffa97140000 - 0x00007ffa9714a000 	C:\Users\yoshitaka\Downloads\pleiades\java\11\bin\jimage.dll
0x00007ffabf240000 - 0x00007ffabf925000 	C:\WINDOWS\System32\SHELL32.dll
0x00007ffac0570000 - 0x00007ffac0619000 	C:\WINDOWS\System32\shcore.dll
0x00007ffabda60000 - 0x00007ffabe1e0000 	C:\WINDOWS\System32\windows.storage.dll
0x00007ffabd5c0000 - 0x00007ffabd5e3000 	C:\WINDOWS\System32\profapi.dll
0x00007ffabd550000 - 0x00007ffabd59a000 	C:\WINDOWS\System32\powrprof.dll
0x00007ffabd520000 - 0x00007ffabd530000 	C:\WINDOWS\System32\UMPDC.dll
0x00007ffac0120000 - 0x00007ffac0172000 	C:\WINDOWS\System32\shlwapi.dll
0x00007ffabd8f0000 - 0x00007ffabd907000 	C:\WINDOWS\System32\cryptsp.dll
0x00007ffab11c0000 - 0x00007ffab11ca000 	C:\Users\yoshitaka\Downloads\pleiades\java\11\bin\dt_socket.dll
0x00007ffabcd30000 - 0x00007ffabcd97000 	C:\WINDOWS\System32\mswsock.dll
0x00007ffabca80000 - 0x00007ffabcb4a000 	C:\WINDOWS\SYSTEM32\DNSAPI.dll
0x00007ffabe710000 - 0x00007ffabe718000 	C:\WINDOWS\System32\NSI.dll
0x00007ffabca40000 - 0x00007ffabca7a000 	C:\WINDOWS\SYSTEM32\IPHLPAPI.DLL
0x00007ffab6e60000 - 0x00007ffab6ed7000 	C:\WINDOWS\System32\fwpuclnt.dll
0x00007ffabda30000 - 0x00007ffabda56000 	C:\WINDOWS\System32\bcrypt.dll
0x00007ffab0cf0000 - 0x00007ffab0cfa000 	C:\Windows\System32\rasadhlp.dll
0x00007ffa6cf20000 - 0x00007ffa6cf39000 	C:\Users\yoshitaka\Downloads\pleiades\java\11\bin\net.dll
0x00007ffab6bf0000 - 0x00007ffab6ce1000 	C:\WINDOWS\SYSTEM32\WINHTTP.dll
0x00007ffab1350000 - 0x00007ffab1525000 	C:\WINDOWS\SYSTEM32\urlmon.dll
0x00007ffab0a40000 - 0x00007ffab0ce6000 	C:\WINDOWS\SYSTEM32\iertutil.dll
0x00007ffabcf00000 - 0x00007ffabcf0c000 	C:\WINDOWS\SYSTEM32\CRYPTBASE.DLL
0x00007ffa6c720000 - 0x00007ffa6c732000 	C:\Users\yoshitaka\Downloads\pleiades\java\11\bin\nio.dll

dbghelp: loaded successfully - version: 4.0.5 - missing functions: none
symbol engine: initialized successfully - sym options: 0x614 - pdb path: .;C:\Users\yoshitaka\Downloads\pleiades\java\11\bin;C:\WINDOWS\SYSTEM32;C:\WINDOWS\WinSxS\amd64_microsoft.windows.common-controls_6595b64144ccf1df_6.0.18362.720_none_e6beb5c51314836b;C:\Users\yoshitaka\Downloads\pleiades\java\11\bin\server

VM Arguments:
jvm_args: -agentlib:jdwp=transport=dt_socket,suspend=y,address=localhost:49929 -javaagent:C:\Users\yoshitaka\Downloads\pleiades\eclipse\configuration\org.eclipse.osgi\412\0\.cp\lib\javaagent-shaded.jar -Dfile.encoding=UTF-8 
java_command: test.Testtest
java_class_path (initial): C:\Users\yoshitaka\Downloads\pleiades\workspace\householdAccountsSystem\build\classes;C:\Users\yoshitaka\Downloads\pleiades\tomcat\9\lib\annotations-api.jar;C:\Users\yoshitaka\Downloads\pleiades\tomcat\9\lib\catalina-ant.jar;C:\Users\yoshitaka\Downloads\pleiades\tomcat\9\lib\catalina-ha.jar;C:\Users\yoshitaka\Downloads\pleiades\tomcat\9\lib\catalina-storeconfig.jar;C:\Users\yoshitaka\Downloads\pleiades\tomcat\9\lib\catalina-tribes.jar;C:\Users\yoshitaka\Downloads\pleiades\tomcat\9\lib\catalina.jar;C:\Users\yoshitaka\Downloads\pleiades\tomcat\9\lib\ecj-4.12.jar;C:\Users\yoshitaka\Downloads\pleiades\tomcat\9\lib\el-api.jar;C:\Users\yoshitaka\Downloads\pleiades\tomcat\9\lib\h2-1.4.200.jar;C:\Users\yoshitaka\Downloads\pleiades\tomcat\9\lib\jasper-el.jar;C:\Users\yoshitaka\Downloads\pleiades\tomcat\9\lib\jasper.jar;C:\Users\yoshitaka\Downloads\pleiades\tomcat\9\lib\jaspic-api.jar;C:\Users\yoshitaka\Downloads\pleiades\tomcat\9\lib\jsp-api.jar;C:\Users\yoshitaka\Downloads\pleiades\tomcat\9\lib\servlet-api.jar;C:\Users\yoshitaka\Downloads\pleiades\tomcat\9\lib\tomcat-api.jar;C:\Users\yoshitaka\Downloads\pleiades\tomcat\9\lib\tomcat-coyote.jar;C:\Users\yoshitaka\Downloads\pleiades\tomcat\9\lib\tomcat-dbcp.jar;C:\Users\yoshitaka\Downloads\pleiades\tomcat\9\lib\tomcat-i18n-cs.jar;C:\Users\yoshitaka\Downloads\pleiades\tomcat\9\lib\tomcat-i18n-de.jar;C:\Users\yoshitaka\Downloads\pleiades\tomcat\9\lib\tomcat-i18n-es.jar;C:\Users\yoshitaka\Downloads\pleiades\tomcat\9\lib\tomcat-i18n-fr.jar;C:\Users\yoshitaka\Downloads\pleiades\tomcat\9\lib\tomcat-i18n-ja.jar;C:\Users\yoshitaka\Downloads\pleiades\tomcat\9\lib\tomcat-i18n-ko.jar;C:\Users\yoshitaka\Downloads\pleiades\tomcat\9\lib\tomcat-i18n-pt-BR.jar;C:\Users\yoshitaka\Downloads\pleiades\tomcat\9\lib\tomcat-i18n-ru.jar;C:\Users\yoshitaka\Downloads\pleiades\tomcat\9\lib\tomcat-i18n-zh-CN.jar;C:\Users\yoshitaka\Downloads\pleiades\tomcat\9\lib\tomcat-jdbc.jar;C:\Users\yoshitaka\Downloads\pleiades\tomcat\9\l
Launcher Type: SUN_STANDARD

[Global flags]
     intx CICompilerCount                          = 4                                         {product} {ergonomic}
     uint ConcGCThreads                            = 3                                         {product} {ergonomic}
     uint G1ConcRefinementThreads                  = 10                                        {product} {ergonomic}
   size_t G1HeapRegionSize                         = 1048576                                   {product} {ergonomic}
    uintx GCDrainStackTargetSize                   = 64                                        {product} {ergonomic}
   size_t InitialHeapSize                          = 266338304                                 {product} {ergonomic}
   size_t MarkStackSize                            = 4194304                                   {product} {ergonomic}
   size_t MaxHeapSize                              = 4261412864                                {product} {ergonomic}
   size_t MaxNewSize                               = 2556428288                                {product} {ergonomic}
   size_t MinHeapDeltaBytes                        = 1048576                                   {product} {ergonomic}
    uintx NonNMethodCodeHeapSize                   = 5835340                                {pd product} {ergonomic}
    uintx NonProfiledCodeHeapSize                  = 122911450                              {pd product} {ergonomic}
    uintx ProfiledCodeHeapSize                     = 122911450                              {pd product} {ergonomic}
    uintx ReservedCodeCacheSize                    = 251658240                              {pd product} {ergonomic}
     bool SegmentedCodeCache                       = true                                      {product} {ergonomic}
     bool UseCompressedClassPointers               = true                                 {lp64_product} {ergonomic}
     bool UseCompressedOops                        = true                                 {lp64_product} {ergonomic}
     bool UseG1GC                                  = true                                      {product} {ergonomic}
     bool UseLargePagesIndividualAllocation        = false                                  {pd product} {ergonomic}

Logging:
Log output configuration:
 #0: stdout all=warning uptime,level,tags
 #1: stderr all=off uptime,level,tags

Environment Variables:
JAVA_HOME=C:\Program Files\Java\jdk-12.0.2\
CLASSPATH=C:\Users\yoshitaka\Java
PATH=C:/Users/yoshitaka/Downloads/pleiades/eclipse//jre/bin/server;C:/Users/yoshitaka/Downloads/pleiades/eclipse//jre/bin;C:\Program Files (x86)\Common Files\Oracle\Java\javapath_target_226892765;C:\Program Files\Java\jdk-12.0.2\bin;C:\WINDOWS\system32;C:\WINDOWS;C:\WINDOWS\System32\Wbem;C:\WINDOWS\System32\WindowsPowerShell\v1.0\;C:\WINDOWS\System32\OpenSSH\;C:\Program Files (x86)\Brackets\command;C:\Program Files (x86)\Nodist\bin;C:\Users\yoshitaka\AppData\Local\Microsoft\WindowsApps;;C:\Users\yoshitaka\AppData\Local\Programs\Microsoft VS Code\bin;C:\Users\yoshitaka\Downloads\pleiades\eclipse;
USERNAME=yoshitaka
OS=Windows_NT
PROCESSOR_IDENTIFIER=Intel64 Family 6 Model 158 Stepping 10, GenuineIntel



---------------  S Y S T E M  ---------------

OS: Windows 10 , 64 bit Build 18362 (10.0.18362.329)

CPU:total 12 (initial active 12) (6 cores per cpu, 2 threads per core) family 6 model 158 stepping 10, cmov, cx8, fxsr, mmx, sse, sse2, sse3, ssse3, sse4.1, sse4.2, popcnt, avx, avx2, aes, clmul, erms, rtm, 3dnowpref, lzcnt, ht, tsc, tscinvbit, bmi1, bmi2, adx, fma

Memory: 4k page, system-wide physical 16254M (6047M free)
TotalPageFile size 26448M (AvailPageFile size 3637M)
current process WorkingSet (physical memory assigned to process): 32M, peak: 54M
current process commit charge ("private bytes"): 348M, peak: 349M

vm_info: OpenJDK 64-Bit Server VM (11.0.4+11) for windows-amd64 JRE (11.0.4+11), built on Jul 18 2019 06:43:34 by "" with MS VC++ 15.8 (VS2017)

END.
